<?xml version="1.0" encoding="UTF-8" ?>
<testsuite tests="21" failures="0" name="com.uclm.BC01_ISO_II_ejercTeorico2.TestEjer2" time="0.029" errors="0" skipped="0">
  <properties>
[...]
</properties>
  <testcase classname="com.uclm.BC01_ISO_II_ejercTeorico2.TestEjer2" name="testCalcularPrecio1" time="0.026"/>
  <testcase classname="com.uclm.BC01_ISO_II_ejercTeorico2.TestEjer2" name="testCalcularPrecio2" time="0"/>
  <testcase classname="com.uclm.BC01_ISO_II_ejercTeorico2.TestEjer2" name="testCalcularPrecio3" time="0"/>
  <testcase classname="com.uclm.BC01_ISO_II_ejercTeorico2.TestEjer2" name="testCalcularPrecio4" time="0"/>
  <testcase classname="com.uclm.BC01_ISO_II_ejercTeorico2.TestEjer2" name="testCalcularPrecio5" time="0"/>
  <testcase classname="com.uclm.BC01_ISO_II_ejercTeorico2.TestEjer2" name="testCalcularPrecio6" time="0"/>
  <testcase classname="com.uclm.BC01_ISO_II_ejercTeorico2.TestEjer2" name="testCalcularPrecio7" time="0"/>
  <testcase classname="com.uclm.BC01_ISO_II_ejercTeorico2.TestEjer2" name="testCalcularPrecio8" time="0"/>
  <testcase classname="com.uclm.BC01_ISO_II_ejercTeorico2.TestEjer2" name="testCalcularPrecio9" time="0.001"/>
  <testcase classname="com.uclm.BC01_ISO_II_ejercTeorico2.TestEjer2" name="testCalcularPrecio10" time="0"/>
  <testcase classname="com.uclm.BC01_ISO_II_ejercTeorico2.TestEjer2" name="testCalcularPrecio11" time="0"/>
  <testcase classname="com.uclm.BC01_ISO_II_ejercTeorico2.TestEjer2" name="testCalcularPrecio12" time="0"/>
  <testcase classname="com.uclm.BC01_ISO_II_ejercTeorico2.TestEjer2" name="testCalcularPrecio13" time="0"/>
  <testcase classname="com.uclm.BC01_ISO_II_ejercTeorico2.TestEjer2" name="testCalcularPrecio14" time="0"/>
  <testcase classname="com.uclm.BC01_ISO_II_ejercTeorico2.TestEjer2" name="testCalcularPrecio15" time="0"/>
  <testcase classname="com.uclm.BC01_ISO_II_ejercTeorico2.TestEjer2" name="testCalcularPrecio16" time="0"/>
  <testcase classname="com.uclm.BC01_ISO_II_ejercTeorico2.TestEjer2" name="testCalcularPrecio17" time="0.001"/>
  <testcase classname="com.uclm.BC01_ISO_II_ejercTeorico2.TestEjer2" name="testCalcularPrecio18" time="0"/>
  <testcase classname="com.uclm.BC01_ISO_II_ejercTeorico2.TestEjer2" name="testCalcularPrecio19" time="0"/>
  <testcase classname="com.uclm.BC01_ISO_II_ejercTeorico2.TestEjer2" name="testCalcularPrecio20" time="0"/>
  <testcase classname="com.uclm.BC01_ISO_II_ejercTeorico2.TestEjer2" name="testCalcularPrecio21" time="0.001"/>
</testsuite>